Info: CustomCategory:scrum_overview: 52 mini seconds publishing element
Info: SupportingMaterial:scrum_overview: 59 mini seconds publishing element
Info: RoleSet:scrum_roles: 127 mini seconds publishing element
Info: Role:product_owner: 126 mini seconds publishing element
Info: Role:scrummaster: 97 mini seconds publishing element
Info: Role:scrum_team: 187 mini seconds publishing element
Info: WorkProductType:scrum_work_products: 40 mini seconds publishing element
Info: Artifact:potentially_shippable_product_incremement: 51 mini seconds publishing element
Info: Artifact:product_backlog: 54 mini seconds publishing element
Info: Artifact:release_burndown_chart: 71 mini seconds publishing element
Info: Artifact:sprint_backlog: 48 mini seconds publishing element
Info: Artifact:sprint_burndown_chart: 41 mini seconds publishing element
Info: Artifact:taskboard: 43 mini seconds publishing element
Info: Artifact:criao_de_comceptart: 37 mini seconds publishing element
Info: Artifact:versao_para_teste: 29 mini seconds publishing element
Info: Discipline:scrum_activities: 28 mini seconds publishing element
Info: Task:artes_dos_personagens_dentro_do_jogo: 40 mini seconds publishing element
Info: Task:codificacao_do_projeto: 20 mini seconds publishing element
Info: Task:consideracoes_iniciais: 31 mini seconds publishing element
Info: Task:the_daily_scrum: 26 mini seconds publishing element
Info: Task:divisao_do_trabalho: 29 mini seconds publishing element
Info: Task:estimating_the_backlog: 39 mini seconds publishing element
Info: Task:prioritizing_the_backlog: 32 mini seconds publishing element
Info: Task:release_planning: 28 mini seconds publishing element
Info: Task:sprint_retrospective: 26 mini seconds publishing element
Info: Task:sprint_planning_meeting: 24 mini seconds publishing element
Info: Task:sprint_review_meeting: 27 mini seconds publishing element
Info: CustomCategory:scrum_guidance: 137 mini seconds publishing element
Info: Guideline:scrum_of_scrums: 16 mini seconds publishing element
Info: Guideline:estimation_techniques: 18 mini seconds publishing element
Info: Guideline:prioritizing_the_backlog: 15 mini seconds publishing element
Info: SupportingMaterial:scrum_references: 16 mini seconds publishing element
Info: Concept:story_points: 18 mini seconds publishing element
Info: Template:burndown_chart: 72 mini seconds publishing element
Info: Example:example_product_backlog: 46 mini seconds publishing element
Info: Example:alternative_release_burndown_chart: 42 mini seconds publishing element
Info: : Publishing time: 0 minutes 3 seconds
